mode: atomic
gitlab.education.tbank.ru/backend-academy-go-2025/homeworks/link-tracker/cmd/bot/main.go:15.13,17.16 2 0
gitlab.education.tbank.ru/backend-academy-go-2025/homeworks/link-tracker/cmd/bot/main.go:17.16,19.3 1 0
gitlab.education.tbank.ru/backend-academy-go-2025/homeworks/link-tracker/cmd/bot/main.go:21.2,25.16 3 0
gitlab.education.tbank.ru/backend-academy-go-2025/homeworks/link-tracker/cmd/bot/main.go:25.16,28.3 1 0
gitlab.education.tbank.ru/backend-academy-go-2025/homeworks/link-tracker/cmd/bot/main.go:29.2,34.37 4 0
gitlab.education.tbank.ru/backend-academy-go-2025/homeworks/link-tracker/cmd/bot/main.go:34.37,37.3 1 0
gitlab.education.tbank.ru/backend-academy-go-2025/homeworks/link-tracker/internal/bot/app.go:21.88,43.2 7 0
gitlab.education.tbank.ru/backend-academy-go-2025/homeworks/link-tracker/internal/bot/app.go:45.46,48.54 2 0
gitlab.education.tbank.ru/backend-academy-go-2025/homeworks/link-tracker/internal/bot/app.go:48.54,51.3 1 0
gitlab.education.tbank.ru/backend-academy-go-2025/homeworks/link-tracker/internal/bot/app.go:53.2,55.28 2 0
gitlab.education.tbank.ru/backend-academy-go-2025/homeworks/link-tracker/internal/bot/app.go:55.28,66.10 6 0
gitlab.education.tbank.ru/backend-academy-go-2025/homeworks/link-tracker/internal/bot/app.go:66.10,67.12 1 0
gitlab.education.tbank.ru/backend-academy-go-2025/homeworks/link-tracker/internal/bot/app.go:70.3,75.49 2 0
gitlab.education.tbank.ru/backend-academy-go-2025/homeworks/link-tracker/internal/bot/app.go:75.49,80.4 1 0
gitlab.education.tbank.ru/backend-academy-go-2025/homeworks/link-tracker/internal/bot/app.go:83.2,83.12 1 0
gitlab.education.tbank.ru/backend-academy-go-2025/homeworks/link-tracker/internal/bot/infrastructure/config/config.go:16.41,17.40 1 0
gitlab.education.tbank.ru/backend-academy-go-2025/homeworks/link-tracker/internal/bot/infrastructure/config/config.go:17.40,19.3 1 0
gitlab.education.tbank.ru/backend-academy-go-2025/homeworks/link-tracker/internal/bot/infrastructure/config/config.go:21.2,24.16 3 0
gitlab.education.tbank.ru/backend-academy-go-2025/homeworks/link-tracker/internal/bot/infrastructure/config/config.go:24.16,26.3 1 0
gitlab.education.tbank.ru/backend-academy-go-2025/homeworks/link-tracker/internal/bot/infrastructure/config/config.go:28.2,28.51 1 0
gitlab.education.tbank.ru/backend-academy-go-2025/homeworks/link-tracker/internal/bot/infrastructure/config/config.go:28.51,30.3 1 0
gitlab.education.tbank.ru/backend-academy-go-2025/homeworks/link-tracker/internal/bot/infrastructure/config/config.go:32.2,33.29 2 0
gitlab.education.tbank.ru/backend-academy-go-2025/homeworks/link-tracker/internal/bot/infrastructure/config/config.go:33.29,35.3 1 0
gitlab.education.tbank.ru/backend-academy-go-2025/homeworks/link-tracker/internal/bot/infrastructure/config/config.go:37.2,37.24 1 0
gitlab.education.tbank.ru/backend-academy-go-2025/homeworks/link-tracker/internal/bot/infrastructure/config/config.go:37.24,39.3 1 0
gitlab.education.tbank.ru/backend-academy-go-2025/homeworks/link-tracker/internal/bot/infrastructure/config/config.go:41.2,41.18 1 0
gitlab.education.tbank.ru/backend-academy-go-2025/homeworks/link-tracker/internal/bot/application/handler/help.go:15.31,16.30 1 0
gitlab.education.tbank.ru/backend-academy-go-2025/homeworks/link-tracker/internal/bot/application/handler/help.go:16.30,18.3 1 0
gitlab.education.tbank.ru/backend-academy-go-2025/homeworks/link-tracker/internal/bot/application/handler/help.go:20.2,21.35 2 0
gitlab.education.tbank.ru/backend-academy-go-2025/homeworks/link-tracker/internal/bot/application/handler/help.go:21.35,23.3 1 0
gitlab.education.tbank.ru/backend-academy-go-2025/homeworks/link-tracker/internal/bot/application/handler/help.go:24.2,27.29 4 0
gitlab.education.tbank.ru/backend-academy-go-2025/homeworks/link-tracker/internal/bot/application/handler/help.go:27.29,29.3 1 0
gitlab.education.tbank.ru/backend-academy-go-2025/homeworks/link-tracker/internal/bot/application/handler/help.go:31.2,31.19 1 0
gitlab.education.tbank.ru/backend-academy-go-2025/homeworks/link-tracker/internal/bot/application/handler/start.go:5.32,7.2 1 0
gitlab.education.tbank.ru/backend-academy-go-2025/homeworks/link-tracker/internal/bot/application/handler/unknown.go:5.34,7.2 1 0
gitlab.education.tbank.ru/backend-academy-go-2025/homeworks/link-tracker/internal/bot/infrastructure/logger/logger.go:9.48,10.27 1 0
gitlab.education.tbank.ru/backend-academy-go-2025/homeworks/link-tracker/internal/bot/infrastructure/logger/logger.go:11.68,12.27 1 0
gitlab.education.tbank.ru/backend-academy-go-2025/homeworks/link-tracker/internal/bot/infrastructure/logger/logger.go:13.10,14.23 1 0
gitlab.education.tbank.ru/backend-academy-go-2025/homeworks/link-tracker/internal/bot/infrastructure/logger/logger.go:18.42,19.11 1 0
gitlab.education.tbank.ru/backend-academy-go-2025/homeworks/link-tracker/internal/bot/infrastructure/logger/logger.go:20.22,21.25 1 0
gitlab.education.tbank.ru/backend-academy-go-2025/homeworks/link-tracker/internal/bot/infrastructure/logger/logger.go:22.21,23.24 1 0
gitlab.education.tbank.ru/backend-academy-go-2025/homeworks/link-tracker/internal/bot/infrastructure/logger/logger.go:24.21,25.24 1 0
gitlab.education.tbank.ru/backend-academy-go-2025/homeworks/link-tracker/internal/bot/infrastructure/logger/logger.go:26.22,27.25 1 0
gitlab.education.tbank.ru/backend-academy-go-2025/homeworks/link-tracker/internal/bot/infrastructure/logger/logger.go:28.10,29.24 1 0
gitlab.education.tbank.ru/backend-academy-go-2025/homeworks/link-tracker/internal/bot/infrastructure/logger/logger.go:33.57,39.2 3 0
gitlab.education.tbank.ru/backend-academy-go-2025/homeworks/link-tracker/internal/bot/infrastructure/telegram/client.go:18.78,20.16 2 0
gitlab.education.tbank.ru/backend-academy-go-2025/homeworks/link-tracker/internal/bot/infrastructure/telegram/client.go:20.16,22.3 1 0
gitlab.education.tbank.ru/backend-academy-go-2025/homeworks/link-tracker/internal/bot/infrastructure/telegram/client.go:24.2,27.8 1 0
gitlab.education.tbank.ru/backend-academy-go-2025/homeworks/link-tracker/internal/bot/infrastructure/telegram/client.go:30.69,34.25 3 0
gitlab.education.tbank.ru/backend-academy-go-2025/homeworks/link-tracker/internal/bot/infrastructure/telegram/client.go:34.25,39.3 1 0
gitlab.education.tbank.ru/backend-academy-go-2025/homeworks/link-tracker/internal/bot/infrastructure/telegram/client.go:41.2,43.12 3 0
gitlab.education.tbank.ru/backend-academy-go-2025/homeworks/link-tracker/internal/bot/infrastructure/telegram/client.go:46.81,53.12 5 0
gitlab.education.tbank.ru/backend-academy-go-2025/homeworks/link-tracker/internal/bot/infrastructure/telegram/client.go:53.12,57.7 3 0
gitlab.education.tbank.ru/backend-academy-go-2025/homeworks/link-tracker/internal/bot/infrastructure/telegram/client.go:57.7,58.11 1 0
gitlab.education.tbank.ru/backend-academy-go-2025/homeworks/link-tracker/internal/bot/infrastructure/telegram/client.go:59.22,60.11 1 0
gitlab.education.tbank.ru/backend-academy-go-2025/homeworks/link-tracker/internal/bot/infrastructure/telegram/client.go:61.33,62.12 1 0
gitlab.education.tbank.ru/backend-academy-go-2025/homeworks/link-tracker/internal/bot/infrastructure/telegram/client.go:62.12,64.6 1 0
gitlab.education.tbank.ru/backend-academy-go-2025/homeworks/link-tracker/internal/bot/infrastructure/telegram/client.go:66.5,67.12 2 0
gitlab.education.tbank.ru/backend-academy-go-2025/homeworks/link-tracker/internal/bot/infrastructure/telegram/client.go:68.30,68.30 0 0
gitlab.education.tbank.ru/backend-academy-go-2025/homeworks/link-tracker/internal/bot/infrastructure/telegram/client.go:69.23,70.12 1 0
gitlab.education.tbank.ru/backend-academy-go-2025/homeworks/link-tracker/internal/bot/infrastructure/telegram/client.go:76.2,76.18 1 0
gitlab.education.tbank.ru/backend-academy-go-2025/homeworks/link-tracker/internal/bot/infrastructure/telegram/client.go:79.77,80.27 1 0
gitlab.education.tbank.ru/backend-academy-go-2025/homeworks/link-tracker/internal/bot/infrastructure/telegram/client.go:80.27,89.22 3 0
gitlab.education.tbank.ru/backend-academy-go-2025/homeworks/link-tracker/internal/bot/infrastructure/telegram/client.go:89.22,91.4 1 0
gitlab.education.tbank.ru/backend-academy-go-2025/homeworks/link-tracker/internal/bot/infrastructure/telegram/client.go:93.3,93.15 1 0
gitlab.education.tbank.ru/backend-academy-go-2025/homeworks/link-tracker/internal/bot/infrastructure/telegram/client.go:96.2,96.12 1 0
gitlab.education.tbank.ru/backend-academy-go-2025/homeworks/link-tracker/internal/bot/infrastructure/telegram/client.go:99.63,103.2 3 0
gitlab.education.tbank.ru/backend-academy-go-2025/homeworks/link-tracker/cmd/bot/main.go:15.13,17.16 2 0
gitlab.education.tbank.ru/backend-academy-go-2025/homeworks/link-tracker/cmd/bot/main.go:17.16,19.3 1 0
gitlab.education.tbank.ru/backend-academy-go-2025/homeworks/link-tracker/cmd/bot/main.go:21.2,25.16 3 0
gitlab.education.tbank.ru/backend-academy-go-2025/homeworks/link-tracker/cmd/bot/main.go:25.16,28.3 1 0
gitlab.education.tbank.ru/backend-academy-go-2025/homeworks/link-tracker/cmd/bot/main.go:29.2,34.37 4 0
gitlab.education.tbank.ru/backend-academy-go-2025/homeworks/link-tracker/cmd/bot/main.go:34.37,37.3 1 0
gitlab.education.tbank.ru/backend-academy-go-2025/homeworks/link-tracker/internal/bot/app.go:21.88,43.2 7 0
gitlab.education.tbank.ru/backend-academy-go-2025/homeworks/link-tracker/internal/bot/app.go:45.46,48.54 2 0
gitlab.education.tbank.ru/backend-academy-go-2025/homeworks/link-tracker/internal/bot/app.go:48.54,51.3 1 0
gitlab.education.tbank.ru/backend-academy-go-2025/homeworks/link-tracker/internal/bot/app.go:53.2,55.28 2 0
gitlab.education.tbank.ru/backend-academy-go-2025/homeworks/link-tracker/internal/bot/app.go:55.28,66.10 6 0
gitlab.education.tbank.ru/backend-academy-go-2025/homeworks/link-tracker/internal/bot/app.go:66.10,67.12 1 0
gitlab.education.tbank.ru/backend-academy-go-2025/homeworks/link-tracker/internal/bot/app.go:70.3,75.49 2 0
gitlab.education.tbank.ru/backend-academy-go-2025/homeworks/link-tracker/internal/bot/app.go:75.49,80.4 1 0
gitlab.education.tbank.ru/backend-academy-go-2025/homeworks/link-tracker/internal/bot/app.go:83.2,83.12 1 0
gitlab.education.tbank.ru/backend-academy-go-2025/homeworks/link-tracker/internal/bot/application/dispatcher/dispatcher.go:12.24,17.2 1 1
gitlab.education.tbank.ru/backend-academy-go-2025/homeworks/link-tracker/internal/bot/application/dispatcher/dispatcher.go:19.82,22.2 2 2
gitlab.education.tbank.ru/backend-academy-go-2025/homeworks/link-tracker/internal/bot/application/dispatcher/dispatcher.go:24.48,26.33 2 1
gitlab.education.tbank.ru/backend-academy-go-2025/homeworks/link-tracker/internal/bot/application/dispatcher/dispatcher.go:26.33,31.3 1 2
gitlab.education.tbank.ru/backend-academy-go-2025/homeworks/link-tracker/internal/bot/application/dispatcher/dispatcher.go:32.2,32.12 1 1
gitlab.education.tbank.ru/backend-academy-go-2025/homeworks/link-tracker/internal/bot/application/dispatcher/dispatcher.go:35.65,37.9 2 1
gitlab.education.tbank.ru/backend-academy-go-2025/homeworks/link-tracker/internal/bot/application/dispatcher/dispatcher.go:37.9,39.3 1 0
gitlab.education.tbank.ru/backend-academy-go-2025/homeworks/link-tracker/internal/bot/application/dispatcher/dispatcher.go:40.2,40.25 1 1
gitlab.education.tbank.ru/backend-academy-go-2025/homeworks/link-tracker/internal/bot/application/handler/help.go:15.31,16.30 1 0
gitlab.education.tbank.ru/backend-academy-go-2025/homeworks/link-tracker/internal/bot/application/handler/help.go:16.30,18.3 1 0
gitlab.education.tbank.ru/backend-academy-go-2025/homeworks/link-tracker/internal/bot/application/handler/help.go:20.2,21.35 2 0
gitlab.education.tbank.ru/backend-academy-go-2025/homeworks/link-tracker/internal/bot/application/handler/help.go:21.35,23.3 1 0
gitlab.education.tbank.ru/backend-academy-go-2025/homeworks/link-tracker/internal/bot/application/handler/help.go:24.2,27.29 4 0
gitlab.education.tbank.ru/backend-academy-go-2025/homeworks/link-tracker/internal/bot/application/handler/help.go:27.29,29.3 1 0
gitlab.education.tbank.ru/backend-academy-go-2025/homeworks/link-tracker/internal/bot/application/handler/help.go:31.2,31.19 1 0
gitlab.education.tbank.ru/backend-academy-go-2025/homeworks/link-tracker/internal/bot/application/handler/start.go:5.32,7.2 1 1
gitlab.education.tbank.ru/backend-academy-go-2025/homeworks/link-tracker/internal/bot/application/handler/unknown.go:5.34,7.2 1 0
gitlab.education.tbank.ru/backend-academy-go-2025/homeworks/link-tracker/internal/bot/infrastructure/config/config.go:16.41,17.40 1 0
gitlab.education.tbank.ru/backend-academy-go-2025/homeworks/link-tracker/internal/bot/infrastructure/config/config.go:17.40,19.3 1 0
gitlab.education.tbank.ru/backend-academy-go-2025/homeworks/link-tracker/internal/bot/infrastructure/config/config.go:21.2,24.16 3 0
gitlab.education.tbank.ru/backend-academy-go-2025/homeworks/link-tracker/internal/bot/infrastructure/config/config.go:24.16,26.3 1 0
gitlab.education.tbank.ru/backend-academy-go-2025/homeworks/link-tracker/internal/bot/infrastructure/config/config.go:28.2,28.51 1 0
gitlab.education.tbank.ru/backend-academy-go-2025/homeworks/link-tracker/internal/bot/infrastructure/config/config.go:28.51,30.3 1 0
gitlab.education.tbank.ru/backend-academy-go-2025/homeworks/link-tracker/internal/bot/infrastructure/config/config.go:32.2,33.29 2 0
gitlab.education.tbank.ru/backend-academy-go-2025/homeworks/link-tracker/internal/bot/infrastructure/config/config.go:33.29,35.3 1 0
gitlab.education.tbank.ru/backend-academy-go-2025/homeworks/link-tracker/internal/bot/infrastructure/config/config.go:37.2,37.24 1 0
gitlab.education.tbank.ru/backend-academy-go-2025/homeworks/link-tracker/internal/bot/infrastructure/config/config.go:37.24,39.3 1 0
gitlab.education.tbank.ru/backend-academy-go-2025/homeworks/link-tracker/internal/bot/infrastructure/config/config.go:41.2,41.18 1 0
gitlab.education.tbank.ru/backend-academy-go-2025/homeworks/link-tracker/internal/bot/infrastructure/logger/logger.go:9.48,10.27 1 0
gitlab.education.tbank.ru/backend-academy-go-2025/homeworks/link-tracker/internal/bot/infrastructure/logger/logger.go:11.68,12.27 1 0
gitlab.education.tbank.ru/backend-academy-go-2025/homeworks/link-tracker/internal/bot/infrastructure/logger/logger.go:13.10,14.23 1 0
gitlab.education.tbank.ru/backend-academy-go-2025/homeworks/link-tracker/internal/bot/infrastructure/logger/logger.go:18.42,19.11 1 0
gitlab.education.tbank.ru/backend-academy-go-2025/homeworks/link-tracker/internal/bot/infrastructure/logger/logger.go:20.22,21.25 1 0
gitlab.education.tbank.ru/backend-academy-go-2025/homeworks/link-tracker/internal/bot/infrastructure/logger/logger.go:22.21,23.24 1 0
gitlab.education.tbank.ru/backend-academy-go-2025/homeworks/link-tracker/internal/bot/infrastructure/logger/logger.go:24.21,25.24 1 0
gitlab.education.tbank.ru/backend-academy-go-2025/homeworks/link-tracker/internal/bot/infrastructure/logger/logger.go:26.22,27.25 1 0
gitlab.education.tbank.ru/backend-academy-go-2025/homeworks/link-tracker/internal/bot/infrastructure/logger/logger.go:28.10,29.24 1 0
gitlab.education.tbank.ru/backend-academy-go-2025/homeworks/link-tracker/internal/bot/infrastructure/logger/logger.go:33.57,39.2 3 0
gitlab.education.tbank.ru/backend-academy-go-2025/homeworks/link-tracker/internal/bot/infrastructure/telegram/client.go:18.78,20.16 2 0
gitlab.education.tbank.ru/backend-academy-go-2025/homeworks/link-tracker/internal/bot/infrastructure/telegram/client.go:20.16,22.3 1 0
gitlab.education.tbank.ru/backend-academy-go-2025/homeworks/link-tracker/internal/bot/infrastructure/telegram/client.go:24.2,27.8 1 0
gitlab.education.tbank.ru/backend-academy-go-2025/homeworks/link-tracker/internal/bot/infrastructure/telegram/client.go:30.69,34.25 3 0
gitlab.education.tbank.ru/backend-academy-go-2025/homeworks/link-tracker/internal/bot/infrastructure/telegram/client.go:34.25,39.3 1 0
gitlab.education.tbank.ru/backend-academy-go-2025/homeworks/link-tracker/internal/bot/infrastructure/telegram/client.go:41.2,43.12 3 0
gitlab.education.tbank.ru/backend-academy-go-2025/homeworks/link-tracker/internal/bot/infrastructure/telegram/client.go:46.81,53.12 5 0
gitlab.education.tbank.ru/backend-academy-go-2025/homeworks/link-tracker/internal/bot/infrastructure/telegram/client.go:53.12,57.7 3 0
gitlab.education.tbank.ru/backend-academy-go-2025/homeworks/link-tracker/internal/bot/infrastructure/telegram/client.go:57.7,58.11 1 0
gitlab.education.tbank.ru/backend-academy-go-2025/homeworks/link-tracker/internal/bot/infrastructure/telegram/client.go:59.22,60.11 1 0
gitlab.education.tbank.ru/backend-academy-go-2025/homeworks/link-tracker/internal/bot/infrastructure/telegram/client.go:61.33,62.12 1 0
gitlab.education.tbank.ru/backend-academy-go-2025/homeworks/link-tracker/internal/bot/infrastructure/telegram/client.go:62.12,64.6 1 0
gitlab.education.tbank.ru/backend-academy-go-2025/homeworks/link-tracker/internal/bot/infrastructure/telegram/client.go:66.5,67.12 2 0
gitlab.education.tbank.ru/backend-academy-go-2025/homeworks/link-tracker/internal/bot/infrastructure/telegram/client.go:68.30,68.30 0 0
gitlab.education.tbank.ru/backend-academy-go-2025/homeworks/link-tracker/internal/bot/infrastructure/telegram/client.go:69.23,70.12 1 0
gitlab.education.tbank.ru/backend-academy-go-2025/homeworks/link-tracker/internal/bot/infrastructure/telegram/client.go:76.2,76.18 1 0
gitlab.education.tbank.ru/backend-academy-go-2025/homeworks/link-tracker/internal/bot/infrastructure/telegram/client.go:79.77,80.27 1 0
gitlab.education.tbank.ru/backend-academy-go-2025/homeworks/link-tracker/internal/bot/infrastructure/telegram/client.go:80.27,89.22 3 0
gitlab.education.tbank.ru/backend-academy-go-2025/homeworks/link-tracker/internal/bot/infrastructure/telegram/client.go:89.22,91.4 1 0
gitlab.education.tbank.ru/backend-academy-go-2025/homeworks/link-tracker/internal/bot/infrastructure/telegram/client.go:93.3,93.15 1 0
gitlab.education.tbank.ru/backend-academy-go-2025/homeworks/link-tracker/internal/bot/infrastructure/telegram/client.go:96.2,96.12 1 0
gitlab.education.tbank.ru/backend-academy-go-2025/homeworks/link-tracker/internal/bot/infrastructure/telegram/client.go:99.63,103.2 3 0
