mode: atomic
gitlab.education.tbank.ru/backend-academy-go-2025/homeworks/link-tracker/internal/bot/application/service.go:9.51,13.2 1 0
gitlab.education.tbank.ru/backend-academy-go-2025/homeworks/link-tracker/internal/bot/application/service.go:15.73,17.2 1 0
gitlab.education.tbank.ru/backend-academy-go-2025/homeworks/link-tracker/internal/bot/app.go:26.88,41.2 5 0
gitlab.education.tbank.ru/backend-academy-go-2025/homeworks/link-tracker/internal/bot/app.go:43.46,64.54 7 0
gitlab.education.tbank.ru/backend-academy-go-2025/homeworks/link-tracker/internal/bot/app.go:64.54,67.3 1 0
gitlab.education.tbank.ru/backend-academy-go-2025/homeworks/link-tracker/internal/bot/app.go:69.2,71.28 2 0
gitlab.education.tbank.ru/backend-academy-go-2025/homeworks/link-tracker/internal/bot/app.go:71.28,88.10 7 0
gitlab.education.tbank.ru/backend-academy-go-2025/homeworks/link-tracker/internal/bot/app.go:88.10,89.12 1 0
gitlab.education.tbank.ru/backend-academy-go-2025/homeworks/link-tracker/internal/bot/app.go:92.3,97.49 2 0
gitlab.education.tbank.ru/backend-academy-go-2025/homeworks/link-tracker/internal/bot/app.go:97.49,102.4 1 0
gitlab.education.tbank.ru/backend-academy-go-2025/homeworks/link-tracker/internal/bot/app.go:105.2,105.12 1 0
gitlab.education.tbank.ru/backend-academy-go-2025/homeworks/link-tracker/cmd/bot/main.go:15.13,17.16 2 0
gitlab.education.tbank.ru/backend-academy-go-2025/homeworks/link-tracker/cmd/bot/main.go:17.16,19.3 1 0
gitlab.education.tbank.ru/backend-academy-go-2025/homeworks/link-tracker/cmd/bot/main.go:21.2,25.16 3 0
gitlab.education.tbank.ru/backend-academy-go-2025/homeworks/link-tracker/cmd/bot/main.go:25.16,28.3 1 0
gitlab.education.tbank.ru/backend-academy-go-2025/homeworks/link-tracker/cmd/bot/main.go:29.2,34.37 4 0
gitlab.education.tbank.ru/backend-academy-go-2025/homeworks/link-tracker/cmd/bot/main.go:34.37,37.3 1 0
gitlab.education.tbank.ru/backend-academy-go-2025/homeworks/link-tracker/internal/bot/infrastructure/logger/logger.go:9.48,10.27 1 0
gitlab.education.tbank.ru/backend-academy-go-2025/homeworks/link-tracker/internal/bot/infrastructure/logger/logger.go:11.68,12.27 1 0
gitlab.education.tbank.ru/backend-academy-go-2025/homeworks/link-tracker/internal/bot/infrastructure/logger/logger.go:13.10,14.23 1 0
gitlab.education.tbank.ru/backend-academy-go-2025/homeworks/link-tracker/internal/bot/infrastructure/logger/logger.go:18.42,19.11 1 0
gitlab.education.tbank.ru/backend-academy-go-2025/homeworks/link-tracker/internal/bot/infrastructure/logger/logger.go:20.22,21.25 1 0
gitlab.education.tbank.ru/backend-academy-go-2025/homeworks/link-tracker/internal/bot/infrastructure/logger/logger.go:22.21,23.24 1 0
gitlab.education.tbank.ru/backend-academy-go-2025/homeworks/link-tracker/internal/bot/infrastructure/logger/logger.go:24.21,25.24 1 0
gitlab.education.tbank.ru/backend-academy-go-2025/homeworks/link-tracker/internal/bot/infrastructure/logger/logger.go:26.22,27.25 1 0
gitlab.education.tbank.ru/backend-academy-go-2025/homeworks/link-tracker/internal/bot/infrastructure/logger/logger.go:28.10,29.24 1 0
gitlab.education.tbank.ru/backend-academy-go-2025/homeworks/link-tracker/internal/bot/infrastructure/logger/logger.go:33.57,39.2 3 0
gitlab.education.tbank.ru/backend-academy-go-2025/homeworks/link-tracker/internal/bot/infrastructure/config/config.go:16.41,17.40 1 0
gitlab.education.tbank.ru/backend-academy-go-2025/homeworks/link-tracker/internal/bot/infrastructure/config/config.go:17.40,19.3 1 0
gitlab.education.tbank.ru/backend-academy-go-2025/homeworks/link-tracker/internal/bot/infrastructure/config/config.go:21.2,24.16 3 0
gitlab.education.tbank.ru/backend-academy-go-2025/homeworks/link-tracker/internal/bot/infrastructure/config/config.go:24.16,26.3 1 0
gitlab.education.tbank.ru/backend-academy-go-2025/homeworks/link-tracker/internal/bot/infrastructure/config/config.go:28.2,28.51 1 0
gitlab.education.tbank.ru/backend-academy-go-2025/homeworks/link-tracker/internal/bot/infrastructure/config/config.go:28.51,30.3 1 0
gitlab.education.tbank.ru/backend-academy-go-2025/homeworks/link-tracker/internal/bot/infrastructure/config/config.go:32.2,33.29 2 0
gitlab.education.tbank.ru/backend-academy-go-2025/homeworks/link-tracker/internal/bot/infrastructure/config/config.go:33.29,35.3 1 0
gitlab.education.tbank.ru/backend-academy-go-2025/homeworks/link-tracker/internal/bot/infrastructure/config/config.go:37.2,37.24 1 0
gitlab.education.tbank.ru/backend-academy-go-2025/homeworks/link-tracker/internal/bot/infrastructure/config/config.go:37.24,39.3 1 0
gitlab.education.tbank.ru/backend-academy-go-2025/homeworks/link-tracker/internal/bot/infrastructure/config/config.go:41.2,41.18 1 0
gitlab.education.tbank.ru/backend-academy-go-2025/homeworks/link-tracker/internal/scrapper/infrastructure/client/client.go:22.59,23.23 1 0
gitlab.education.tbank.ru/backend-academy-go-2025/homeworks/link-tracker/internal/scrapper/infrastructure/client/client.go:23.23,25.3 1 0
gitlab.education.tbank.ru/backend-academy-go-2025/homeworks/link-tracker/internal/scrapper/infrastructure/client/client.go:27.2,30.3 1 0
gitlab.education.tbank.ru/backend-academy-go-2025/homeworks/link-tracker/internal/scrapper/infrastructure/client/client.go:34.72,42.16 2 0
gitlab.education.tbank.ru/backend-academy-go-2025/homeworks/link-tracker/internal/scrapper/infrastructure/client/client.go:42.16,44.3 1 0
gitlab.education.tbank.ru/backend-academy-go-2025/homeworks/link-tracker/internal/scrapper/infrastructure/client/client.go:46.2,47.16 2 0
gitlab.education.tbank.ru/backend-academy-go-2025/homeworks/link-tracker/internal/scrapper/infrastructure/client/client.go:47.16,49.3 1 0
gitlab.education.tbank.ru/backend-academy-go-2025/homeworks/link-tracker/internal/scrapper/infrastructure/client/client.go:51.2,53.38 2 0
gitlab.education.tbank.ru/backend-academy-go-2025/homeworks/link-tracker/internal/scrapper/infrastructure/client/client.go:53.38,55.3 1 0
gitlab.education.tbank.ru/backend-academy-go-2025/homeworks/link-tracker/internal/scrapper/infrastructure/client/client.go:57.2,57.33 1 0
gitlab.education.tbank.ru/backend-academy-go-2025/homeworks/link-tracker/internal/scrapper/infrastructure/client/client.go:61.70,69.16 2 0
gitlab.education.tbank.ru/backend-academy-go-2025/homeworks/link-tracker/internal/scrapper/infrastructure/client/client.go:69.16,71.3 1 0
gitlab.education.tbank.ru/backend-academy-go-2025/homeworks/link-tracker/internal/scrapper/infrastructure/client/client.go:73.2,74.16 2 0
gitlab.education.tbank.ru/backend-academy-go-2025/homeworks/link-tracker/internal/scrapper/infrastructure/client/client.go:74.16,76.3 1 0
gitlab.education.tbank.ru/backend-academy-go-2025/homeworks/link-tracker/internal/scrapper/infrastructure/client/client.go:78.2,80.38 2 0
gitlab.education.tbank.ru/backend-academy-go-2025/homeworks/link-tracker/internal/scrapper/infrastructure/client/client.go:80.38,82.3 1 0
gitlab.education.tbank.ru/backend-academy-go-2025/homeworks/link-tracker/internal/scrapper/infrastructure/client/client.go:84.2,84.33 1 0
gitlab.education.tbank.ru/backend-academy-go-2025/homeworks/link-tracker/internal/scrapper/infrastructure/client/client.go:90.85,98.16 2 0
gitlab.education.tbank.ru/backend-academy-go-2025/homeworks/link-tracker/internal/scrapper/infrastructure/client/client.go:98.16,100.3 1 0
gitlab.education.tbank.ru/backend-academy-go-2025/homeworks/link-tracker/internal/scrapper/infrastructure/client/client.go:102.2,105.16 3 0
gitlab.education.tbank.ru/backend-academy-go-2025/homeworks/link-tracker/internal/scrapper/infrastructure/client/client.go:105.16,107.3 1 0
gitlab.education.tbank.ru/backend-academy-go-2025/homeworks/link-tracker/internal/scrapper/infrastructure/client/client.go:108.2,110.38 2 0
gitlab.education.tbank.ru/backend-academy-go-2025/homeworks/link-tracker/internal/scrapper/infrastructure/client/client.go:110.38,112.3 1 0
gitlab.education.tbank.ru/backend-academy-go-2025/homeworks/link-tracker/internal/scrapper/infrastructure/client/client.go:114.2,115.64 2 0
gitlab.education.tbank.ru/backend-academy-go-2025/homeworks/link-tracker/internal/scrapper/infrastructure/client/client.go:115.64,117.3 1 0
gitlab.education.tbank.ru/backend-academy-go-2025/homeworks/link-tracker/internal/scrapper/infrastructure/client/client.go:119.2,119.38 1 0
gitlab.education.tbank.ru/backend-academy-go-2025/homeworks/link-tracker/internal/scrapper/infrastructure/client/client.go:123.119,131.16 3 0
gitlab.education.tbank.ru/backend-academy-go-2025/homeworks/link-tracker/internal/scrapper/infrastructure/client/client.go:131.16,133.3 1 0
gitlab.education.tbank.ru/backend-academy-go-2025/homeworks/link-tracker/internal/scrapper/infrastructure/client/client.go:135.2,141.16 2 0
gitlab.education.tbank.ru/backend-academy-go-2025/homeworks/link-tracker/internal/scrapper/infrastructure/client/client.go:141.16,143.3 1 0
gitlab.education.tbank.ru/backend-academy-go-2025/homeworks/link-tracker/internal/scrapper/infrastructure/client/client.go:145.2,149.16 4 0
gitlab.education.tbank.ru/backend-academy-go-2025/homeworks/link-tracker/internal/scrapper/infrastructure/client/client.go:149.16,151.3 1 0
gitlab.education.tbank.ru/backend-academy-go-2025/homeworks/link-tracker/internal/scrapper/infrastructure/client/client.go:152.2,154.38 2 0
gitlab.education.tbank.ru/backend-academy-go-2025/homeworks/link-tracker/internal/scrapper/infrastructure/client/client.go:154.38,156.3 1 0
gitlab.education.tbank.ru/backend-academy-go-2025/homeworks/link-tracker/internal/scrapper/infrastructure/client/client.go:158.2,159.64 2 0
gitlab.education.tbank.ru/backend-academy-go-2025/homeworks/link-tracker/internal/scrapper/infrastructure/client/client.go:159.64,161.3 1 0
gitlab.education.tbank.ru/backend-academy-go-2025/homeworks/link-tracker/internal/scrapper/infrastructure/client/client.go:163.2,163.31 1 0
gitlab.education.tbank.ru/backend-academy-go-2025/homeworks/link-tracker/internal/scrapper/infrastructure/client/client.go:167.98,173.16 3 0
gitlab.education.tbank.ru/backend-academy-go-2025/homeworks/link-tracker/internal/scrapper/infrastructure/client/client.go:173.16,175.3 1 0
gitlab.education.tbank.ru/backend-academy-go-2025/homeworks/link-tracker/internal/scrapper/infrastructure/client/client.go:177.2,183.16 2 0
gitlab.education.tbank.ru/backend-academy-go-2025/homeworks/link-tracker/internal/scrapper/infrastructure/client/client.go:183.16,185.3 1 0
gitlab.education.tbank.ru/backend-academy-go-2025/homeworks/link-tracker/internal/scrapper/infrastructure/client/client.go:187.2,191.16 4 0
gitlab.education.tbank.ru/backend-academy-go-2025/homeworks/link-tracker/internal/scrapper/infrastructure/client/client.go:191.16,193.3 1 0
gitlab.education.tbank.ru/backend-academy-go-2025/homeworks/link-tracker/internal/scrapper/infrastructure/client/client.go:194.2,196.38 2 0
gitlab.education.tbank.ru/backend-academy-go-2025/homeworks/link-tracker/internal/scrapper/infrastructure/client/client.go:196.38,198.3 1 0
gitlab.education.tbank.ru/backend-academy-go-2025/homeworks/link-tracker/internal/scrapper/infrastructure/client/client.go:200.2,201.64 2 0
gitlab.education.tbank.ru/backend-academy-go-2025/homeworks/link-tracker/internal/scrapper/infrastructure/client/client.go:201.64,203.3 1 0
gitlab.education.tbank.ru/backend-academy-go-2025/homeworks/link-tracker/internal/scrapper/infrastructure/client/client.go:205.2,205.31 1 0
gitlab.education.tbank.ru/backend-academy-go-2025/homeworks/link-tracker/internal/scrapper/infrastructure/client/errors.go:15.34,17.2 1 0
gitlab.education.tbank.ru/backend-academy-go-2025/homeworks/link-tracker/internal/scrapper/infrastructure/client/errors.go:19.52,21.64 2 0
gitlab.education.tbank.ru/backend-academy-go-2025/homeworks/link-tracker/internal/scrapper/infrastructure/client/errors.go:21.64,23.3 1 0
gitlab.education.tbank.ru/backend-academy-go-2025/homeworks/link-tracker/internal/scrapper/infrastructure/client/errors.go:25.2,29.3 1 0
gitlab.education.tbank.ru/backend-academy-go-2025/homeworks/link-tracker/internal/scrapper/infrastructure/client/mapper.go:7.52,14.2 1 0
gitlab.education.tbank.ru/backend-academy-go-2025/homeworks/link-tracker/internal/scrapper/infrastructure/client/mapper.go:16.58,18.27 2 0
gitlab.education.tbank.ru/backend-academy-go-2025/homeworks/link-tracker/internal/scrapper/infrastructure/client/mapper.go:18.27,20.3 1 0
gitlab.education.tbank.ru/backend-academy-go-2025/homeworks/link-tracker/internal/scrapper/infrastructure/client/mapper.go:21.2,21.14 1 0
gitlab.education.tbank.ru/backend-academy-go-2025/homeworks/link-tracker/internal/bot/infrastructure/telegram/client.go:18.78,20.16 2 0
gitlab.education.tbank.ru/backend-academy-go-2025/homeworks/link-tracker/internal/bot/infrastructure/telegram/client.go:20.16,22.3 1 0
gitlab.education.tbank.ru/backend-academy-go-2025/homeworks/link-tracker/internal/bot/infrastructure/telegram/client.go:24.2,27.8 1 0
gitlab.education.tbank.ru/backend-academy-go-2025/homeworks/link-tracker/internal/bot/infrastructure/telegram/client.go:30.69,34.25 3 0
gitlab.education.tbank.ru/backend-academy-go-2025/homeworks/link-tracker/internal/bot/infrastructure/telegram/client.go:34.25,39.3 1 0
gitlab.education.tbank.ru/backend-academy-go-2025/homeworks/link-tracker/internal/bot/infrastructure/telegram/client.go:41.2,43.12 3 0
gitlab.education.tbank.ru/backend-academy-go-2025/homeworks/link-tracker/internal/bot/infrastructure/telegram/client.go:46.81,53.12 5 0
gitlab.education.tbank.ru/backend-academy-go-2025/homeworks/link-tracker/internal/bot/infrastructure/telegram/client.go:53.12,57.7 3 0
gitlab.education.tbank.ru/backend-academy-go-2025/homeworks/link-tracker/internal/bot/infrastructure/telegram/client.go:57.7,58.11 1 0
gitlab.education.tbank.ru/backend-academy-go-2025/homeworks/link-tracker/internal/bot/infrastructure/telegram/client.go:59.22,60.11 1 0
gitlab.education.tbank.ru/backend-academy-go-2025/homeworks/link-tracker/internal/bot/infrastructure/telegram/client.go:61.33,62.12 1 0
gitlab.education.tbank.ru/backend-academy-go-2025/homeworks/link-tracker/internal/bot/infrastructure/telegram/client.go:62.12,64.6 1 0
gitlab.education.tbank.ru/backend-academy-go-2025/homeworks/link-tracker/internal/bot/infrastructure/telegram/client.go:66.5,67.12 2 0
gitlab.education.tbank.ru/backend-academy-go-2025/homeworks/link-tracker/internal/bot/infrastructure/telegram/client.go:68.30,68.30 0 0
gitlab.education.tbank.ru/backend-academy-go-2025/homeworks/link-tracker/internal/bot/infrastructure/telegram/client.go:69.23,70.12 1 0
gitlab.education.tbank.ru/backend-academy-go-2025/homeworks/link-tracker/internal/bot/infrastructure/telegram/client.go:76.2,76.18 1 0
gitlab.education.tbank.ru/backend-academy-go-2025/homeworks/link-tracker/internal/bot/infrastructure/telegram/client.go:79.77,80.27 1 0
gitlab.education.tbank.ru/backend-academy-go-2025/homeworks/link-tracker/internal/bot/infrastructure/telegram/client.go:80.27,89.22 3 0
gitlab.education.tbank.ru/backend-academy-go-2025/homeworks/link-tracker/internal/bot/infrastructure/telegram/client.go:89.22,91.4 1 0
gitlab.education.tbank.ru/backend-academy-go-2025/homeworks/link-tracker/internal/bot/infrastructure/telegram/client.go:93.3,93.15 1 0
gitlab.education.tbank.ru/backend-academy-go-2025/homeworks/link-tracker/internal/bot/infrastructure/telegram/client.go:96.2,96.12 1 0
gitlab.education.tbank.ru/backend-academy-go-2025/homeworks/link-tracker/internal/bot/infrastructure/telegram/client.go:99.63,103.2 3 0
gitlab.education.tbank.ru/backend-academy-go-2025/homeworks/link-tracker/internal/bot/application/handler/help.go:15.50,17.35 2 0
gitlab.education.tbank.ru/backend-academy-go-2025/homeworks/link-tracker/internal/bot/application/handler/help.go:17.35,19.3 1 0
gitlab.education.tbank.ru/backend-academy-go-2025/homeworks/link-tracker/internal/bot/application/handler/help.go:20.2,23.29 4 0
gitlab.education.tbank.ru/backend-academy-go-2025/homeworks/link-tracker/internal/bot/application/handler/help.go:23.29,25.3 1 0
gitlab.education.tbank.ru/backend-academy-go-2025/homeworks/link-tracker/internal/bot/application/handler/help.go:27.2,27.19 1 0
gitlab.education.tbank.ru/backend-academy-go-2025/homeworks/link-tracker/internal/bot/application/handler/start.go:12.51,13.72 1 0
gitlab.education.tbank.ru/backend-academy-go-2025/homeworks/link-tracker/internal/bot/application/handler/start.go:13.72,15.3 1 0
gitlab.education.tbank.ru/backend-academy-go-2025/homeworks/link-tracker/internal/bot/application/handler/start.go:16.2,16.150 1 0
gitlab.education.tbank.ru/backend-academy-go-2025/homeworks/link-tracker/internal/bot/application/handler/unknown.go:5.34,7.2 1 0
gitlab.education.tbank.ru/backend-academy-go-2025/homeworks/link-tracker/cmd/bot/main.go:15.13,17.16 2 0
gitlab.education.tbank.ru/backend-academy-go-2025/homeworks/link-tracker/cmd/bot/main.go:17.16,19.3 1 0
gitlab.education.tbank.ru/backend-academy-go-2025/homeworks/link-tracker/cmd/bot/main.go:21.2,25.16 3 0
gitlab.education.tbank.ru/backend-academy-go-2025/homeworks/link-tracker/cmd/bot/main.go:25.16,28.3 1 0
gitlab.education.tbank.ru/backend-academy-go-2025/homeworks/link-tracker/cmd/bot/main.go:29.2,34.37 4 0
gitlab.education.tbank.ru/backend-academy-go-2025/homeworks/link-tracker/cmd/bot/main.go:34.37,37.3 1 0
gitlab.education.tbank.ru/backend-academy-go-2025/homeworks/link-tracker/internal/bot/app.go:26.88,41.2 5 0
gitlab.education.tbank.ru/backend-academy-go-2025/homeworks/link-tracker/internal/bot/app.go:43.46,64.54 7 0
gitlab.education.tbank.ru/backend-academy-go-2025/homeworks/link-tracker/internal/bot/app.go:64.54,67.3 1 0
gitlab.education.tbank.ru/backend-academy-go-2025/homeworks/link-tracker/internal/bot/app.go:69.2,71.28 2 0
gitlab.education.tbank.ru/backend-academy-go-2025/homeworks/link-tracker/internal/bot/app.go:71.28,88.10 7 0
gitlab.education.tbank.ru/backend-academy-go-2025/homeworks/link-tracker/internal/bot/app.go:88.10,89.12 1 0
gitlab.education.tbank.ru/backend-academy-go-2025/homeworks/link-tracker/internal/bot/app.go:92.3,97.49 2 0
gitlab.education.tbank.ru/backend-academy-go-2025/homeworks/link-tracker/internal/bot/app.go:97.49,102.4 1 0
gitlab.education.tbank.ru/backend-academy-go-2025/homeworks/link-tracker/internal/bot/app.go:105.2,105.12 1 0
gitlab.education.tbank.ru/backend-academy-go-2025/homeworks/link-tracker/internal/bot/application/service.go:9.51,13.2 1 0
gitlab.education.tbank.ru/backend-academy-go-2025/homeworks/link-tracker/internal/bot/application/service.go:15.73,17.2 1 0
gitlab.education.tbank.ru/backend-academy-go-2025/homeworks/link-tracker/internal/bot/application/dispatcher/dispatcher.go:12.24,17.2 1 1
gitlab.education.tbank.ru/backend-academy-go-2025/homeworks/link-tracker/internal/bot/application/dispatcher/dispatcher.go:19.82,22.2 2 2
gitlab.education.tbank.ru/backend-academy-go-2025/homeworks/link-tracker/internal/bot/application/dispatcher/dispatcher.go:24.48,26.33 2 1
gitlab.education.tbank.ru/backend-academy-go-2025/homeworks/link-tracker/internal/bot/application/dispatcher/dispatcher.go:26.33,31.3 1 2
gitlab.education.tbank.ru/backend-academy-go-2025/homeworks/link-tracker/internal/bot/application/dispatcher/dispatcher.go:32.2,32.12 1 1
gitlab.education.tbank.ru/backend-academy-go-2025/homeworks/link-tracker/internal/bot/application/dispatcher/dispatcher.go:35.86,37.9 2 1
gitlab.education.tbank.ru/backend-academy-go-2025/homeworks/link-tracker/internal/bot/application/dispatcher/dispatcher.go:37.9,39.3 1 0
gitlab.education.tbank.ru/backend-academy-go-2025/homeworks/link-tracker/internal/bot/application/dispatcher/dispatcher.go:41.2,41.28 1 1
gitlab.education.tbank.ru/backend-academy-go-2025/homeworks/link-tracker/internal/bot/application/handler/help.go:15.50,17.35 2 0
gitlab.education.tbank.ru/backend-academy-go-2025/homeworks/link-tracker/internal/bot/application/handler/help.go:17.35,19.3 1 0
gitlab.education.tbank.ru/backend-academy-go-2025/homeworks/link-tracker/internal/bot/application/handler/help.go:20.2,23.29 4 0
gitlab.education.tbank.ru/backend-academy-go-2025/homeworks/link-tracker/internal/bot/application/handler/help.go:23.29,25.3 1 0
gitlab.education.tbank.ru/backend-academy-go-2025/homeworks/link-tracker/internal/bot/application/handler/help.go:27.2,27.19 1 0
gitlab.education.tbank.ru/backend-academy-go-2025/homeworks/link-tracker/internal/bot/application/handler/start.go:12.51,13.72 1 0
gitlab.education.tbank.ru/backend-academy-go-2025/homeworks/link-tracker/internal/bot/application/handler/start.go:13.72,15.3 1 0
gitlab.education.tbank.ru/backend-academy-go-2025/homeworks/link-tracker/internal/bot/application/handler/start.go:16.2,16.150 1 0
gitlab.education.tbank.ru/backend-academy-go-2025/homeworks/link-tracker/internal/bot/application/handler/unknown.go:5.34,7.2 1 0
gitlab.education.tbank.ru/backend-academy-go-2025/homeworks/link-tracker/internal/bot/infrastructure/config/config.go:16.41,17.40 1 0
gitlab.education.tbank.ru/backend-academy-go-2025/homeworks/link-tracker/internal/bot/infrastructure/config/config.go:17.40,19.3 1 0
gitlab.education.tbank.ru/backend-academy-go-2025/homeworks/link-tracker/internal/bot/infrastructure/config/config.go:21.2,24.16 3 0
gitlab.education.tbank.ru/backend-academy-go-2025/homeworks/link-tracker/internal/bot/infrastructure/config/config.go:24.16,26.3 1 0
gitlab.education.tbank.ru/backend-academy-go-2025/homeworks/link-tracker/internal/bot/infrastructure/config/config.go:28.2,28.51 1 0
gitlab.education.tbank.ru/backend-academy-go-2025/homeworks/link-tracker/internal/bot/infrastructure/config/config.go:28.51,30.3 1 0
gitlab.education.tbank.ru/backend-academy-go-2025/homeworks/link-tracker/internal/bot/infrastructure/config/config.go:32.2,33.29 2 0
gitlab.education.tbank.ru/backend-academy-go-2025/homeworks/link-tracker/internal/bot/infrastructure/config/config.go:33.29,35.3 1 0
gitlab.education.tbank.ru/backend-academy-go-2025/homeworks/link-tracker/internal/bot/infrastructure/config/config.go:37.2,37.24 1 0
gitlab.education.tbank.ru/backend-academy-go-2025/homeworks/link-tracker/internal/bot/infrastructure/config/config.go:37.24,39.3 1 0
gitlab.education.tbank.ru/backend-academy-go-2025/homeworks/link-tracker/internal/bot/infrastructure/config/config.go:41.2,41.18 1 0
gitlab.education.tbank.ru/backend-academy-go-2025/homeworks/link-tracker/internal/bot/infrastructure/logger/logger.go:9.48,10.27 1 0
gitlab.education.tbank.ru/backend-academy-go-2025/homeworks/link-tracker/internal/bot/infrastructure/logger/logger.go:11.68,12.27 1 0
gitlab.education.tbank.ru/backend-academy-go-2025/homeworks/link-tracker/internal/bot/infrastructure/logger/logger.go:13.10,14.23 1 0
gitlab.education.tbank.ru/backend-academy-go-2025/homeworks/link-tracker/internal/bot/infrastructure/logger/logger.go:18.42,19.11 1 0
gitlab.education.tbank.ru/backend-academy-go-2025/homeworks/link-tracker/internal/bot/infrastructure/logger/logger.go:20.22,21.25 1 0
gitlab.education.tbank.ru/backend-academy-go-2025/homeworks/link-tracker/internal/bot/infrastructure/logger/logger.go:22.21,23.24 1 0
gitlab.education.tbank.ru/backend-academy-go-2025/homeworks/link-tracker/internal/bot/infrastructure/logger/logger.go:24.21,25.24 1 0
gitlab.education.tbank.ru/backend-academy-go-2025/homeworks/link-tracker/internal/bot/infrastructure/logger/logger.go:26.22,27.25 1 0
gitlab.education.tbank.ru/backend-academy-go-2025/homeworks/link-tracker/internal/bot/infrastructure/logger/logger.go:28.10,29.24 1 0
gitlab.education.tbank.ru/backend-academy-go-2025/homeworks/link-tracker/internal/bot/infrastructure/logger/logger.go:33.57,39.2 3 0
gitlab.education.tbank.ru/backend-academy-go-2025/homeworks/link-tracker/internal/bot/infrastructure/telegram/client.go:18.78,20.16 2 0
gitlab.education.tbank.ru/backend-academy-go-2025/homeworks/link-tracker/internal/bot/infrastructure/telegram/client.go:20.16,22.3 1 0
gitlab.education.tbank.ru/backend-academy-go-2025/homeworks/link-tracker/internal/bot/infrastructure/telegram/client.go:24.2,27.8 1 0
gitlab.education.tbank.ru/backend-academy-go-2025/homeworks/link-tracker/internal/bot/infrastructure/telegram/client.go:30.69,34.25 3 0
gitlab.education.tbank.ru/backend-academy-go-2025/homeworks/link-tracker/internal/bot/infrastructure/telegram/client.go:34.25,39.3 1 0
gitlab.education.tbank.ru/backend-academy-go-2025/homeworks/link-tracker/internal/bot/infrastructure/telegram/client.go:41.2,43.12 3 0
gitlab.education.tbank.ru/backend-academy-go-2025/homeworks/link-tracker/internal/bot/infrastructure/telegram/client.go:46.81,53.12 5 0
gitlab.education.tbank.ru/backend-academy-go-2025/homeworks/link-tracker/internal/bot/infrastructure/telegram/client.go:53.12,57.7 3 0
gitlab.education.tbank.ru/backend-academy-go-2025/homeworks/link-tracker/internal/bot/infrastructure/telegram/client.go:57.7,58.11 1 0
gitlab.education.tbank.ru/backend-academy-go-2025/homeworks/link-tracker/internal/bot/infrastructure/telegram/client.go:59.22,60.11 1 0
gitlab.education.tbank.ru/backend-academy-go-2025/homeworks/link-tracker/internal/bot/infrastructure/telegram/client.go:61.33,62.12 1 0
gitlab.education.tbank.ru/backend-academy-go-2025/homeworks/link-tracker/internal/bot/infrastructure/telegram/client.go:62.12,64.6 1 0
gitlab.education.tbank.ru/backend-academy-go-2025/homeworks/link-tracker/internal/bot/infrastructure/telegram/client.go:66.5,67.12 2 0
gitlab.education.tbank.ru/backend-academy-go-2025/homeworks/link-tracker/internal/bot/infrastructure/telegram/client.go:68.30,68.30 0 0
gitlab.education.tbank.ru/backend-academy-go-2025/homeworks/link-tracker/internal/bot/infrastructure/telegram/client.go:69.23,70.12 1 0
gitlab.education.tbank.ru/backend-academy-go-2025/homeworks/link-tracker/internal/bot/infrastructure/telegram/client.go:76.2,76.18 1 0
gitlab.education.tbank.ru/backend-academy-go-2025/homeworks/link-tracker/internal/bot/infrastructure/telegram/client.go:79.77,80.27 1 0
gitlab.education.tbank.ru/backend-academy-go-2025/homeworks/link-tracker/internal/bot/infrastructure/telegram/client.go:80.27,89.22 3 0
gitlab.education.tbank.ru/backend-academy-go-2025/homeworks/link-tracker/internal/bot/infrastructure/telegram/client.go:89.22,91.4 1 0
gitlab.education.tbank.ru/backend-academy-go-2025/homeworks/link-tracker/internal/bot/infrastructure/telegram/client.go:93.3,93.15 1 0
gitlab.education.tbank.ru/backend-academy-go-2025/homeworks/link-tracker/internal/bot/infrastructure/telegram/client.go:96.2,96.12 1 0
gitlab.education.tbank.ru/backend-academy-go-2025/homeworks/link-tracker/internal/bot/infrastructure/telegram/client.go:99.63,103.2 3 0
gitlab.education.tbank.ru/backend-academy-go-2025/homeworks/link-tracker/internal/scrapper/infrastructure/client/client.go:22.59,23.23 1 0
gitlab.education.tbank.ru/backend-academy-go-2025/homeworks/link-tracker/internal/scrapper/infrastructure/client/client.go:23.23,25.3 1 0
gitlab.education.tbank.ru/backend-academy-go-2025/homeworks/link-tracker/internal/scrapper/infrastructure/client/client.go:27.2,30.3 1 0
gitlab.education.tbank.ru/backend-academy-go-2025/homeworks/link-tracker/internal/scrapper/infrastructure/client/client.go:34.72,42.16 2 0
gitlab.education.tbank.ru/backend-academy-go-2025/homeworks/link-tracker/internal/scrapper/infrastructure/client/client.go:42.16,44.3 1 0
gitlab.education.tbank.ru/backend-academy-go-2025/homeworks/link-tracker/internal/scrapper/infrastructure/client/client.go:46.2,47.16 2 0
gitlab.education.tbank.ru/backend-academy-go-2025/homeworks/link-tracker/internal/scrapper/infrastructure/client/client.go:47.16,49.3 1 0
gitlab.education.tbank.ru/backend-academy-go-2025/homeworks/link-tracker/internal/scrapper/infrastructure/client/client.go:51.2,53.38 2 0
gitlab.education.tbank.ru/backend-academy-go-2025/homeworks/link-tracker/internal/scrapper/infrastructure/client/client.go:53.38,55.3 1 0
gitlab.education.tbank.ru/backend-academy-go-2025/homeworks/link-tracker/internal/scrapper/infrastructure/client/client.go:57.2,57.33 1 0
gitlab.education.tbank.ru/backend-academy-go-2025/homeworks/link-tracker/internal/scrapper/infrastructure/client/client.go:61.70,69.16 2 0
gitlab.education.tbank.ru/backend-academy-go-2025/homeworks/link-tracker/internal/scrapper/infrastructure/client/client.go:69.16,71.3 1 0
gitlab.education.tbank.ru/backend-academy-go-2025/homeworks/link-tracker/internal/scrapper/infrastructure/client/client.go:73.2,74.16 2 0
gitlab.education.tbank.ru/backend-academy-go-2025/homeworks/link-tracker/internal/scrapper/infrastructure/client/client.go:74.16,76.3 1 0
gitlab.education.tbank.ru/backend-academy-go-2025/homeworks/link-tracker/internal/scrapper/infrastructure/client/client.go:78.2,80.38 2 0
gitlab.education.tbank.ru/backend-academy-go-2025/homeworks/link-tracker/internal/scrapper/infrastructure/client/client.go:80.38,82.3 1 0
gitlab.education.tbank.ru/backend-academy-go-2025/homeworks/link-tracker/internal/scrapper/infrastructure/client/client.go:84.2,84.33 1 0
gitlab.education.tbank.ru/backend-academy-go-2025/homeworks/link-tracker/internal/scrapper/infrastructure/client/client.go:90.85,98.16 2 0
gitlab.education.tbank.ru/backend-academy-go-2025/homeworks/link-tracker/internal/scrapper/infrastructure/client/client.go:98.16,100.3 1 0
gitlab.education.tbank.ru/backend-academy-go-2025/homeworks/link-tracker/internal/scrapper/infrastructure/client/client.go:102.2,105.16 3 0
gitlab.education.tbank.ru/backend-academy-go-2025/homeworks/link-tracker/internal/scrapper/infrastructure/client/client.go:105.16,107.3 1 0
gitlab.education.tbank.ru/backend-academy-go-2025/homeworks/link-tracker/internal/scrapper/infrastructure/client/client.go:108.2,110.38 2 0
gitlab.education.tbank.ru/backend-academy-go-2025/homeworks/link-tracker/internal/scrapper/infrastructure/client/client.go:110.38,112.3 1 0
gitlab.education.tbank.ru/backend-academy-go-2025/homeworks/link-tracker/internal/scrapper/infrastructure/client/client.go:114.2,115.64 2 0
gitlab.education.tbank.ru/backend-academy-go-2025/homeworks/link-tracker/internal/scrapper/infrastructure/client/client.go:115.64,117.3 1 0
gitlab.education.tbank.ru/backend-academy-go-2025/homeworks/link-tracker/internal/scrapper/infrastructure/client/client.go:119.2,119.38 1 0
gitlab.education.tbank.ru/backend-academy-go-2025/homeworks/link-tracker/internal/scrapper/infrastructure/client/client.go:123.119,131.16 3 0
gitlab.education.tbank.ru/backend-academy-go-2025/homeworks/link-tracker/internal/scrapper/infrastructure/client/client.go:131.16,133.3 1 0
gitlab.education.tbank.ru/backend-academy-go-2025/homeworks/link-tracker/internal/scrapper/infrastructure/client/client.go:135.2,141.16 2 0
gitlab.education.tbank.ru/backend-academy-go-2025/homeworks/link-tracker/internal/scrapper/infrastructure/client/client.go:141.16,143.3 1 0
gitlab.education.tbank.ru/backend-academy-go-2025/homeworks/link-tracker/internal/scrapper/infrastructure/client/client.go:145.2,149.16 4 0
gitlab.education.tbank.ru/backend-academy-go-2025/homeworks/link-tracker/internal/scrapper/infrastructure/client/client.go:149.16,151.3 1 0
gitlab.education.tbank.ru/backend-academy-go-2025/homeworks/link-tracker/internal/scrapper/infrastructure/client/client.go:152.2,154.38 2 0
gitlab.education.tbank.ru/backend-academy-go-2025/homeworks/link-tracker/internal/scrapper/infrastructure/client/client.go:154.38,156.3 1 0
gitlab.education.tbank.ru/backend-academy-go-2025/homeworks/link-tracker/internal/scrapper/infrastructure/client/client.go:158.2,159.64 2 0
gitlab.education.tbank.ru/backend-academy-go-2025/homeworks/link-tracker/internal/scrapper/infrastructure/client/client.go:159.64,161.3 1 0
gitlab.education.tbank.ru/backend-academy-go-2025/homeworks/link-tracker/internal/scrapper/infrastructure/client/client.go:163.2,163.31 1 0
gitlab.education.tbank.ru/backend-academy-go-2025/homeworks/link-tracker/internal/scrapper/infrastructure/client/client.go:167.98,173.16 3 0
gitlab.education.tbank.ru/backend-academy-go-2025/homeworks/link-tracker/internal/scrapper/infrastructure/client/client.go:173.16,175.3 1 0
gitlab.education.tbank.ru/backend-academy-go-2025/homeworks/link-tracker/internal/scrapper/infrastructure/client/client.go:177.2,183.16 2 0
gitlab.education.tbank.ru/backend-academy-go-2025/homeworks/link-tracker/internal/scrapper/infrastructure/client/client.go:183.16,185.3 1 0
gitlab.education.tbank.ru/backend-academy-go-2025/homeworks/link-tracker/internal/scrapper/infrastructure/client/client.go:187.2,191.16 4 0
gitlab.education.tbank.ru/backend-academy-go-2025/homeworks/link-tracker/internal/scrapper/infrastructure/client/client.go:191.16,193.3 1 0
gitlab.education.tbank.ru/backend-academy-go-2025/homeworks/link-tracker/internal/scrapper/infrastructure/client/client.go:194.2,196.38 2 0
gitlab.education.tbank.ru/backend-academy-go-2025/homeworks/link-tracker/internal/scrapper/infrastructure/client/client.go:196.38,198.3 1 0
gitlab.education.tbank.ru/backend-academy-go-2025/homeworks/link-tracker/internal/scrapper/infrastructure/client/client.go:200.2,201.64 2 0
gitlab.education.tbank.ru/backend-academy-go-2025/homeworks/link-tracker/internal/scrapper/infrastructure/client/client.go:201.64,203.3 1 0
gitlab.education.tbank.ru/backend-academy-go-2025/homeworks/link-tracker/internal/scrapper/infrastructure/client/client.go:205.2,205.31 1 0
gitlab.education.tbank.ru/backend-academy-go-2025/homeworks/link-tracker/internal/scrapper/infrastructure/client/errors.go:15.34,17.2 1 0
gitlab.education.tbank.ru/backend-academy-go-2025/homeworks/link-tracker/internal/scrapper/infrastructure/client/errors.go:19.52,21.64 2 0
gitlab.education.tbank.ru/backend-academy-go-2025/homeworks/link-tracker/internal/scrapper/infrastructure/client/errors.go:21.64,23.3 1 0
gitlab.education.tbank.ru/backend-academy-go-2025/homeworks/link-tracker/internal/scrapper/infrastructure/client/errors.go:25.2,29.3 1 0
gitlab.education.tbank.ru/backend-academy-go-2025/homeworks/link-tracker/internal/scrapper/infrastructure/client/mapper.go:7.52,14.2 1 0
gitlab.education.tbank.ru/backend-academy-go-2025/homeworks/link-tracker/internal/scrapper/infrastructure/client/mapper.go:16.58,18.27 2 0
gitlab.education.tbank.ru/backend-academy-go-2025/homeworks/link-tracker/internal/scrapper/infrastructure/client/mapper.go:18.27,20.3 1 0
gitlab.education.tbank.ru/backend-academy-go-2025/homeworks/link-tracker/internal/scrapper/infrastructure/client/mapper.go:21.2,21.14 1 0
